<?xml version="1.0" encoding="UTF-8"?>
<!-- Generated by org.testng.reporters.JUnitReportReporter -->
<testsuite hostname="LAPTOP-V8T2EA1I" failures="0" tests="3" name="demo.TestNGDependencyDemo" time="0.020" errors="0" timestamp="2020-12-17T13:16:25 IST" skipped="0">
  <testcase classname="demo.TestNGDependencyDemo" name="test3" time="0.004"/>
  <system-out/>
  <testcase classname="demo.TestNGDependencyDemo" name="test1" time="0.002"/>
  <system-out/>
  <testcase classname="demo.TestNGDependencyDemo" name="test2" time="0.014"/>
  <system-out/>
</testsuite> <!-- demo.TestNGDependencyDemo -->
