<?xml version="1.0" encoding="UTF-8"?>
<!-- Generated by org.testng.reporters.JUnitReportReporter -->
<testsuite hostname="LAPTOP-V8T2EA1I" failures="0" tests="4" name="listeners.TestNGListenerDemo2" time="0.013" errors="0" timestamp="2020-12-16T12:59:37 IST" skipped="0">
  <testcase classname="listeners.TestNGListenerDemo2" name="test8" time="0.004"/>
  <system-out/>
  <testcase classname="listeners.TestNGListenerDemo2" name="test7" time="0.003"/>
  <system-out/>
  <testcase classname="listeners.TestNGListenerDemo2" name="test5" time="0.002"/>
  <system-out/>
  <testcase classname="listeners.TestNGListenerDemo2" name="test6" time="0.004"/>
  <system-out/>
</testsuite> <!-- listeners.TestNGListenerDemo2 -->
