<?xml version="1.0" encoding="UTF-8"?>
<!-- Generated by org.testng.reporters.JUnitReportReporter -->
<testsuite hostname="LAPTOP-V8T2EA1I" failures="0" tests="1" name="test.ExtentReportDemWithTestNG" time="1.127" errors="0" timestamp="2020-12-12T12:42:53 IST" skipped="0">
  <testcase classname="test.ExtentReportDemWithTestNG" name="test" time="1.127"/>
  <system-out/>
</testsuite> <!-- test.ExtentReportDemWithTestNG -->
