<?xml version="1.0" encoding="UTF-8"?>
<!-- Generated by org.testng.reporters.JUnitReportReporter -->
<testsuite hostname="LAPTOP-V8T2EA1I" failures="0" tests="5" name="demo.TestNGGroupDemo" time="0.018" errors="0" timestamp="2020-12-17T12:42:25 IST" skipped="0">
  <testcase classname="demo.TestNGGroupDemo" name="test4" time="0.002"/>
  <system-out/>
  <testcase classname="demo.TestNGGroupDemo" name="test2" time="0.003"/>
  <system-out/>
  <testcase classname="demo.TestNGGroupDemo" name="test3" time="0.002"/>
  <system-out/>
  <testcase classname="demo.TestNGGroupDemo" name="test1" time="0.010"/>
  <system-out/>
  <testcase classname="demo.TestNGGroupDemo" name="test5" time="0.001"/>
  <system-out/>
</testsuite> <!-- demo.TestNGGroupDemo -->
