<?xml version="1.0" encoding="UTF-8"?>
<!-- Generated by org.testng.reporters.JUnitReportReporter -->
<testsuite hostname="LAPTOP-V8T2EA1I" failures="0" tests="3" name="demo.TestNGRetryFailedDemo" time="0.018" errors="0" timestamp="2020-12-18T18:19:18 IST" skipped="0">
  <testcase classname="demo.TestNGRetryFailedDemo" name="test3" time="0.003"/>
  <system-out/>
  <testcase classname="demo.TestNGRetryFailedDemo" name="test2" time="0.003"/>
  <system-out/>
  <testcase classname="demo.TestNGRetryFailedDemo" name="test1" time="0.012"/>
  <system-out/>
</testsuite> <!-- demo.TestNGRetryFailedDemo -->
