<?xml version="1.0" encoding="UTF-8"?>
<!-- Generated by org.testng.reporters.JUnitReportReporter -->
<testsuite hostname="LAPTOP-V8T2EA1I" failures="0" tests="4" name="listeners.TestNGListenerDemo" time="0.020" errors="0" timestamp="2020-12-16T12:59:37 IST" skipped="1">
  <testcase classname="listeners.TestNGListenerDemo" name="test3" time="0.002">
    <skipped/>
  </testcase> <!-- test3 -->
  <system-out/>
  <testcase classname="listeners.TestNGListenerDemo" name="test4" time="0.002"/>
  <system-out/>
  <testcase classname="listeners.TestNGListenerDemo" name="test1" time="0.013"/>
  <system-out/>
  <testcase classname="listeners.TestNGListenerDemo" name="test2" time="0.003"/>
  <system-out/>
</testsuite> <!-- listeners.TestNGListenerDemo -->
