<?xml version="1.0" encoding="UTF-8"?>
<!-- Generated by org.testng.reporters.JUnitReportReporter -->
<testsuite hostname="LAPTOP-V8T2EA1I" failures="0" tests="3" name="util.ExcelDataProvider" time="0.021" errors="0" timestamp="2020-12-16T12:20:38 IST" skipped="0">
  <testcase classname="util.ExcelDataProvider" name="test1" time="0.009"/>
  <system-out/>
  <testcase classname="util.ExcelDataProvider" name="test1" time="0.009"/>
  <system-out/>
  <testcase classname="util.ExcelDataProvider" name="test1" time="0.003"/>
  <system-out/>
</testsuite> <!-- util.ExcelDataProvider -->
