<?xml version="1.0" encoding="UTF-8"?>
<!-- Generated by org.testng.reporters.JUnitReportReporter -->
<testsuite hostname="LAPTOP-V8T2EA1I" failures="0" tests="3" name="demo.TestNGMultiBrowserDemo" time="15.476" errors="0" timestamp="2020-12-17T12:02:16 IST" skipped="0">
  <testcase classname="demo.TestNGMultiBrowserDemo" name="test" time="4.804"/>
  <system-out/>
  <testcase classname="demo.TestNGMultiBrowserDemo" name="test" time="4.241"/>
  <system-out/>
  <testcase classname="demo.TestNGMultiBrowserDemo" name="test" time="6.431"/>
  <system-out/>
</testsuite> <!-- demo.TestNGMultiBrowserDemo -->
