<?xml version="1.0" encoding="UTF-8"?>
<!-- Generated by org.testng.reporters.JUnitReportReporter -->
<testsuite hostname="LAPTOP-V8T2EA1I" failures="0" tests="1" name="test.TestNG_Demo" time="6.314" errors="0" timestamp="2020-12-15T13:29:42 IST" skipped="0">
  <testcase classname="test.TestNG_Demo" name="googleSearchTest" time="6.314"/>
  <system-out/>
</testsuite> <!-- test.TestNG_Demo -->
