<?xml version="1.0" encoding="UTF-8"?>
<!-- Generated by org.testng.reporters.JUnitReportReporter -->
<testsuite hostname="LAPTOP-V8T2EA1I" failures="0" tests="2" name="demo.TestNGIgnoreDemo" time="0.017" errors="0" timestamp="2020-12-18T16:36:23 IST" skipped="1">
  <testcase classname="demo.TestNGIgnoreDemo" name="test2" time="0.017"/>
  <system-out/>
  <testcase classname="demo.TestNGIgnoreDemo" name="test1">
    <skipped/>
  </testcase> <!-- test1 -->
  <system-out/>
</testsuite> <!-- demo.TestNGIgnoreDemo -->
