<?xml version="1.0" encoding="UTF-8"?>
<!-- Generated by org.testng.reporters.JUnitReportReporter -->
<testsuite hostname="LAPTOP-V8T2EA1I" failures="0" tests="1" name="prioriydemo.TestNGPriorityDemo" time="0.014" errors="0" timestamp="2020-12-17T11:12:06 IST" skipped="0">
  <testcase classname="prioriydemo.TestNGPriorityDemo" name="test2" time="0.014"/>
  <system-out/>
</testsuite> <!-- prioriydemo.TestNGPriorityDemo -->
