<?xml version="1.0" encoding="UTF-8"?>
<!-- Generated by org.testng.reporters.JUnitReportReporter -->
<testsuite hostname="LAPTOP-V8T2EA1I" failures="0" tests="1" name="demo.TestNGParameterDemo" time="0.011" errors="0" timestamp="2020-12-17T13:01:55 IST" skipped="0">
  <testcase classname="demo.TestNGParameterDemo" name="test" time="0.011"/>
  <system-out/>
</testsuite> <!-- demo.TestNGParameterDemo -->
